2026-07-12 22:14:03,918 INFO service bootstrap initiated
2026-07-12 22:14:03,919 INFO reading environment configuration
2026-07-12 22:14:03,920 ERROR required environment variable "APP_CONFIG" is not set
2026-07-12 22:14:03,920 FATAL cannot locate configuration, shutting down
2026-07-12 22:47:11,502 INFO service bootstrap initiated
2026-07-12 22:47:11,503 INFO reading environment configuration
2026-07-12 22:47:11,503 ERROR required environment variable "APP_CONFIG" is not set
2026-07-12 22:47:11,504 FATAL cannot locate configuration, shutting down
2026-07-13 06:31:55,777 INFO service bootstrap initiated
2026-07-13 06:31:55,778 INFO reading environment configuration
2026-07-13 06:31:55,778 ERROR required environment variable "APP_CONFIG" is not set
2026-07-13 06:31:55,779 FATAL cannot locate configuration, shutting down
2026-07-13 13:03:47,956 ERROR required environment variable "APP_CONFIG" is not set
2026-07-13 13:03:47,956 CRITICAL cannot locate configuration, shutting down
2026-07-13 13:03:48,018 INFO loaded configuration from config/production.conf
2026-07-13 13:03:48,018 INFO starting CloudNotes service on 0.0.0.0:8080
2026-07-13 13:03:55,197 INFO loaded configuration from /tmp/test.conf
2026-07-13 13:03:55,198 INFO starting CloudNotes service on 0.0.0.0:8099
2026-07-13 13:03:56,126 INFO request /health
2026-07-13 13:03:56,139 INFO request /nope
